[2024-03-19T14:46:38.214880+00:00] artifact.DEBUG: Debug messages enabled [] []
[2024-03-19T14:46:38.228739+00:00] artifact.DEBUG: Removing sub-repository "/tmp/git_artifact/git_src/r1/.git" [] []
[2024-03-19T14:46:38.229744+00:00] artifact.DEBUG: Removing sub-repository "/tmp/git_artifact/git_src/r2/r21/.git" [] []
[2024-03-19T14:46:38.230619+00:00] artifact.DEBUG: Removing sub-repository "/tmp/git_artifact/git_src/r3/r31/r311/.git" [] []
[2024-03-19T14:46:38.230692+00:00] artifact.DEBUG: Disabling local exclude [] []
[2024-03-19T14:46:38.259209+00:00] artifact.DEBUG: Restoring local exclude [] []
[2024-03-19T14:46:39.430706+00:00] artifact.DEBUG: Debug messages enabled [] []
[2024-03-19T14:46:39.442435+00:00] artifact.DEBUG: Disabling local exclude [] []
[2024-03-19T14:46:39.442577+00:00] artifact.DEBUG: Replacing .gitignore: /tmp/git_artifact/git_src/.gitignore with /tmp/git_artifact/git_src/mygitignore [] []
[2024-03-19T14:46:39.445528+00:00] artifact.DEBUG: -----.gitignore--------- [] []
[2024-03-19T14:46:39.445611+00:00] artifact.DEBUG: /* !f2 !ic !cc !uc !d_cc !d_ic !d_uc !vendor [] []
[2024-03-19T14:46:39.445651+00:00] artifact.DEBUG: -----.gitignore--------- [] []
[2024-03-19T14:46:39.447542+00:00] artifact.DEBUG: Removing excluded file /tmp/git_artifact/git_src/.gitignore [] []
[2024-03-19T14:46:39.447632+00:00] artifact.DEBUG: Removing excluded file /tmp/git_artifact/git_src/ci [] []
[2024-03-19T14:46:39.447690+00:00] artifact.DEBUG: Removing excluded file /tmp/git_artifact/git_src/d_ci/sub_ci [] []
[2024-03-19T14:46:39.447739+00:00] artifact.DEBUG: Removing excluded file /tmp/git_artifact/git_src/dir_other/vendor/ve_cc [] []
[2024-03-19T14:46:39.447836+00:00] artifact.DEBUG: Removing excluded file /tmp/git_artifact/git_src/f1 [] []
[2024-03-19T14:46:39.447889+00:00] artifact.DEBUG: Removing excluded file /tmp/git_artifact/git_src/vendor_cc [] []
[2024-03-19T14:46:39.447945+00:00] artifact.DEBUG: Removing excluded file /tmp/git_artifact/git_src/vendor_com with space com.txt [] []
[2024-03-19T14:46:39.449814+00:00] artifact.DEBUG: Removing other file /tmp/git_artifact/git_src/d_ii/sub_ii [] []
[2024-03-19T14:46:39.449893+00:00] artifact.DEBUG: Removing other file /tmp/git_artifact/git_src/d_ud/sub_ud [] []
[2024-03-19T14:46:39.449942+00:00] artifact.DEBUG: Removing other file /tmp/git_artifact/git_src/d_ui/sub_ui [] []
[2024-03-19T14:46:39.449986+00:00] artifact.DEBUG: Removing other file /tmp/git_artifact/git_src/ii [] []
[2024-03-19T14:46:39.450031+00:00] artifact.DEBUG: Removing other file /tmp/git_artifact/git_src/ud [] []
[2024-03-19T14:46:39.450096+00:00] artifact.DEBUG: Removing other file /tmp/git_artifact/git_src/ui [] []
[2024-03-19T14:46:39.473683+00:00] artifact.DEBUG: Restoring local exclude [] []
[2024-03-19T14:46:40.634119+00:00] artifact.DEBUG: Debug messages enabled [] []
[2024-03-19T14:46:40.645840+00:00] artifact.DEBUG: Disabling local exclude [] []
[2024-03-19T14:46:40.657970+00:00] artifact.DEBUG: Restoring local exclude [] []
[2024-03-19T14:46:59.945152+00:00] artifact.DEBUG: Debug messages enabled [] []
[2024-03-19T14:47:00.035268+00:00] artifact.DEBUG: Disabling local exclude [] []
